{
  "stats": {
    "suites": 1,
    "tests": 2,
    "passes": 2,
    "pending": 0,
    "failures": 0,
    "start": "2021-12-12T14:01:51.357Z",
    "end": "2021-12-12T14:01:51.427Z",
    "duration": 70,
    "testsRegistered": 2,
    "passPercent": 100,
    "pendingPercent": 0,
    "other": 0,
    "hasOther": false,
    "skipped": 0,
    "hasSkipped": false
  },
  "results": [
    {
      "uuid": "9af8280f-8cd3-416c-9a13-322dd1bcaaa2",
      "title": "",
      "fullFile": "cypress/integration/palindrome_test_cases/check_palindrome.spec.js",
      "file": "cypress/integration/palindrome_test_cases/check_palindrome.spec.js",
      "beforeHooks": [],
      "afterHooks": [],
      "tests": [],
      "suites": [
        {
          "uuid": "a3c5d127-eef7-4411-b5b0-29d5719ad47c",
          "title": "pelindrome test cases",
          "fullFile": "",
          "file": "",
          "beforeHooks": [],
          "afterHooks": [],
          "tests": [
            {
              "title": "should return true for the pelindrome check",
              "fullTitle": "pelindrome test cases should return true for the pelindrome check",
              "timedOut": null,
              "duration": 29,
              "state": "passed",
              "speed": "fast",
              "pass": true,
              "fail": false,
              "pending": false,
              "context": null,
              "code": "const res = fn.palindrome(strings.pel_string);\nexpect(res).to.be.true;",
              "err": {},
              "uuid": "4ba0e167-cba0-402e-8729-7ef5ae422ea9",
              "parentUUID": "a3c5d127-eef7-4411-b5b0-29d5719ad47c",
              "isHook": false,
              "skipped": false
            },
            {
              "title": "should return false for the pelindrome check",
              "fullTitle": "pelindrome test cases should return false for the pelindrome check",
              "timedOut": null,
              "duration": 17,
              "state": "passed",
              "speed": "fast",
              "pass": true,
              "fail": false,
              "pending": false,
              "context": null,
              "code": "const res = fn.palindrome(strings.non_pel_string);\nexpect(res).to.be.false;",
              "err": {},
              "uuid": "e67344fc-77fc-45b4-9770-7657b6e4ee50",
              "parentUUID": "a3c5d127-eef7-4411-b5b0-29d5719ad47c",
              "isHook": false,
              "skipped": false
            }
          ],
          "suites": [],
          "passes": [
            "4ba0e167-cba0-402e-8729-7ef5ae422ea9",
            "e67344fc-77fc-45b4-9770-7657b6e4ee50"
          ],
          "failures": [],
          "pending": [],
          "skipped": [],
          "duration": 46,
          "root": false,
          "rootEmpty": false,
          "_timeout": 2000
        }
      ],
      "passes": [],
      "failures": [],
      "pending": [],
      "skipped": [],
      "duration": 0,
      "root": true,
      "rootEmpty": true,
      "_timeout": 2000
    }
  ],
  "meta": {
    "mocha": {
      "version": "7.0.1"
    },
    "mochawesome": {
      "options": {
        "quiet": false,
        "reportFilename": "mochawesome",
        "saveHtml": true,
        "saveJson": true,
        "consoleReporter": "spec",
        "useInlineDiffs": false,
        "code": true
      },
      "version": "6.3.1"
    },
    "marge": {
      "options": {
        "id": "default",
        "reportDir": "cypress/reports/mocha",
        "quite": true,
        "overwrite": false,
        "html": true,
        "json": true
      },
      "version": "5.2.0"
    }
  }
}