{
  "stats": {
    "suites": 1,
    "tests": 2,
    "passes": 2,
    "pending": 0,
    "failures": 0,
    "start": "2021-12-12T14:01:06.782Z",
    "end": "2021-12-12T14:01:06.874Z",
    "duration": 92,
    "testsRegistered": 2,
    "passPercent": 100,
    "pendingPercent": 0,
    "other": 0,
    "hasOther": false,
    "skipped": 0,
    "hasSkipped": false
  },
  "results": [
    {
      "uuid": "071ff918-fd44-4c27-8bda-16a42c82868d",
      "title": "",
      "fullFile": "cypress/integration/palindrome_test_cases/check_palindrome.spec.js",
      "file": "cypress/integration/palindrome_test_cases/check_palindrome.spec.js",
      "beforeHooks": [],
      "afterHooks": [],
      "tests": [],
      "suites": [
        {
          "uuid": "66c0d2b6-a09b-4fa8-a76d-e26d4741a4a9",
          "title": "pelindrome test cases",
          "fullFile": "",
          "file": "",
          "beforeHooks": [],
          "afterHooks": [],
          "tests": [
            {
              "title": "should return true for the pelindrome check",
              "fullTitle": "pelindrome test cases should return true for the pelindrome check",
              "timedOut": null,
              "duration": 43,
              "state": "passed",
              "speed": "fast",
              "pass": true,
              "fail": false,
              "pending": false,
              "context": null,
              "code": "const res = fn.palindrome(strings.pel_string);\nexpect(res).to.be.true;",
              "err": {},
              "uuid": "3e3863a6-aef6-412e-8a4e-a265962b2d01",
              "parentUUID": "66c0d2b6-a09b-4fa8-a76d-e26d4741a4a9",
              "isHook": false,
              "skipped": false
            },
            {
              "title": "should return false for the pelindrome check",
              "fullTitle": "pelindrome test cases should return false for the pelindrome check",
              "timedOut": null,
              "duration": 18,
              "state": "passed",
              "speed": "fast",
              "pass": true,
              "fail": false,
              "pending": false,
              "context": null,
              "code": "const res = fn.palindrome(strings.non_pel_string);\nexpect(res).to.be.false;",
              "err": {},
              "uuid": "d0c51cee-d79e-4160-8d5e-3b58c6d3e59f",
              "parentUUID": "66c0d2b6-a09b-4fa8-a76d-e26d4741a4a9",
              "isHook": false,
              "skipped": false
            }
          ],
          "suites": [],
          "passes": [
            "3e3863a6-aef6-412e-8a4e-a265962b2d01",
            "d0c51cee-d79e-4160-8d5e-3b58c6d3e59f"
          ],
          "failures": [],
          "pending": [],
          "skipped": [],
          "duration": 61,
          "root": false,
          "rootEmpty": false,
          "_timeout": 2000
        }
      ],
      "passes": [],
      "failures": [],
      "pending": [],
      "skipped": [],
      "duration": 0,
      "root": true,
      "rootEmpty": true,
      "_timeout": 2000
    }
  ],
  "meta": {
    "mocha": {
      "version": "7.0.1"
    },
    "mochawesome": {
      "options": {
        "quiet": false,
        "reportFilename": "mochawesome",
        "saveHtml": true,
        "saveJson": true,
        "consoleReporter": "spec",
        "useInlineDiffs": false,
        "code": true
      },
      "version": "6.3.1"
    },
    "marge": {
      "options": {
        "id": "default",
        "reportDir": "cypress/reports/mocha",
        "quite": true,
        "overwrite": false,
        "html": true,
        "json": true
      },
      "version": "5.2.0"
    }
  }
}